<?xml version="1.0" encoding="UTF-8"?>
<!-- Generated by org.testng.reporters.JUnitReportReporter -->
<testsuite hostname="Rudran_Arjun" failures="0" tests="1" name="randomProblems.PrintAllSubArrayswith0Sum_InterviewQA" time="0.011" errors="0" timestamp="2024-12-03T12:45:06 AEDT" skipped="0">
  <testcase classname="randomProblems.PrintAllSubArrayswith0Sum_InterviewQA" name="Test5" time="0.011"/>
</testsuite> <!-- randomProblems.PrintAllSubArrayswith0Sum_InterviewQA -->
