<?xml version="1.0" encoding="UTF-8"?>
<!-- Generated by org.testng.reporters.JUnitReportReporter -->
<testsuite hostname="Rudran_Arjun" failures="0" tests="1" name="week2Day2HW.TrappingWater" time="0.011" errors="0" timestamp="2024-11-23T21:49:57 AEDT" skipped="0">
  <testcase classname="week2Day2HW.TrappingWater" name="Test8" time="0.011"/>
</testsuite> <!-- week2Day2HW.TrappingWater -->
