<?xml version="1.0" encoding="UTF-8"?>
<!-- Generated by org.testng.reporters.JUnitReportReporter -->
<testsuite hostname="Rudran_Arjun" failures="0" tests="5" name="week3Day2HW.FindSmallestSubArraywith0Sum_MILength" time="0.014" errors="0" timestamp="2024-11-26T12:30:25 AEDT" skipped="0">
  <testcase classname="week3Day2HW.FindSmallestSubArraywith0Sum_MILength" name="Test3" time="0.002"/>
  <testcase classname="week3Day2HW.FindSmallestSubArraywith0Sum_MILength" name="Test4" time="0.001"/>
  <testcase classname="week3Day2HW.FindSmallestSubArraywith0Sum_MILength" name="Test2" time="0.001"/>
  <testcase classname="week3Day2HW.FindSmallestSubArraywith0Sum_MILength" name="Test5" time="0.001"/>
  <testcase classname="week3Day2HW.FindSmallestSubArraywith0Sum_MILength" name="Test1" time="0.009"/>
</testsuite> <!-- week3Day2HW.FindSmallestSubArraywith0Sum_MILength -->
