<?xml version="1.0" encoding="UTF-8"?>
<!-- Generated by org.testng.reporters.JUnitReportReporter -->
<testsuite hostname="Rudran_Arjun" failures="0" tests="4" name="week3Day2.TwoSumUsingHashing" time="0.014" errors="0" timestamp="2024-11-26T07:38:11 AEDT" skipped="0">
  <testcase classname="week3Day2.TwoSumUsingHashing" name="Test3" time="0.002"/>
  <testcase classname="week3Day2.TwoSumUsingHashing" name="Test4" time="0.002"/>
  <testcase classname="week3Day2.TwoSumUsingHashing" name="Test2" time="0.001"/>
  <testcase classname="week3Day2.TwoSumUsingHashing" name="Test1" time="0.009"/>
</testsuite> <!-- week3Day2.TwoSumUsingHashing -->
