<?xml version="1.0" encoding="UTF-8"?>
<!-- Generated by org.testng.reporters.JUnitReportReporter -->
<testsuite hostname="Rudran_Arjun" failures="0" tests="4" name="Assessment2.Problem2_findTarget" time="0.013" errors="0" timestamp="2024-12-22T16:31:35 AEDT" skipped="0">
  <testcase classname="Assessment2.Problem2_findTarget" name="testOne" time="0.001"/>
  <testcase classname="Assessment2.Problem2_findTarget" name="testTwo" time="0.001"/>
  <testcase classname="Assessment2.Problem2_findTarget" name="testThree" time="0.002"/>
  <testcase classname="Assessment2.Problem2_findTarget" name="Test4" time="0.009"/>
</testsuite> <!-- Assessment2.Problem2_findTarget -->
