<?xml version="1.0" encoding="UTF-8"?>
<!-- Generated by org.testng.reporters.JUnitReportReporter -->
<testsuite hostname="Rudran_Arjun" failures="0" tests="2" name="week4Day2.FindMaxSubArrayofSizeK" time="0.018" errors="0" timestamp="2024-12-01T21:42:49 AEDT" skipped="0">
  <testcase classname="week4Day2.FindMaxSubArrayofSizeK" name="Test1" time="0.016"/>
  <testcase classname="week4Day2.FindMaxSubArrayofSizeK" name="Test2" time="0.002"/>
</testsuite> <!-- week4Day2.FindMaxSubArrayofSizeK -->
