<?xml version="1.0" encoding="UTF-8"?>
<!-- Generated by org.testng.reporters.JUnitReportReporter -->
<testsuite hostname="Rudran_Arjun" failures="0" tests="1" name="Week2Day1.MergeSort" time="0.008" errors="0" timestamp="2024-11-17T21:52:24 AEDT" skipped="0">
  <testcase classname="Week2Day1.MergeSort" name="Test1" time="0.008"/>
</testsuite> <!-- Week2Day1.MergeSort -->
