<?xml version="1.0" encoding="UTF-8"?>
<!-- Generated by org.testng.reporters.JUnitReportReporter -->
<testsuite hostname="Rudran_Arjun" failures="0" tests="1" name="Week2Day1.intersectionOfTwoArrays" time="0.012" errors="0" timestamp="2024-11-17T23:36:19 AEDT" skipped="0">
  <testcase classname="Week2Day1.intersectionOfTwoArrays" name="Test" time="0.012"/>
</testsuite> <!-- Week2Day1.intersectionOfTwoArrays -->
