<?xml version="1.0" encoding="UTF-8"?>
<!-- Generated by org.testng.reporters.JUnitReportReporter -->
<testsuite hostname="Rudran_Arjun" failures="0" tests="1" name="week4Day2.LongestSubstringWithoutRepeatingChars" time="0.009" errors="0" timestamp="2024-12-03T11:57:41 AEDT" skipped="0">
  <testcase classname="week4Day2.LongestSubstringWithoutRepeatingChars" name="Test1" time="0.009"/>
</testsuite> <!-- week4Day2.LongestSubstringWithoutRepeatingChars -->
