<?xml version="1.0" encoding="UTF-8"?>
<!-- Generated by org.testng.reporters.JUnitReportReporter -->
<testsuite hostname="Rudran_Arjun" failures="0" tests="3" name="Week2Day1.L27_Remove_Element" time="0.009" errors="0" timestamp="2024-11-17T19:57:08 AEDT" skipped="0">
  <testcase classname="Week2Day1.L27_Remove_Element" name="Test3" time="0.001"/>
  <testcase classname="Week2Day1.L27_Remove_Element" name="Test1" time="0.007"/>
  <testcase classname="Week2Day1.L27_Remove_Element" name="Test2" time="0.001"/>
</testsuite> <!-- Week2Day1.L27_Remove_Element -->
