<?xml version="1.0" encoding="UTF-8"?>
<!-- Generated by org.testng.reporters.JUnitReportReporter -->
<testsuite hostname="Rudran_Arjun" failures="0" tests="2" name="week4Day2HW.L1004_MAx_Consecutive_Ones" time="0.016" errors="0" timestamp="2024-12-05T18:47:04 AEDT" skipped="0">
  <testcase classname="week4Day2HW.L1004_MAx_Consecutive_Ones" name="Test1" time="0.014"/>
  <testcase classname="week4Day2HW.L1004_MAx_Consecutive_Ones" name="Test2" time="0.002"/>
</testsuite> <!-- week4Day2HW.L1004_MAx_Consecutive_Ones -->
