<?xml version="1.0" encoding="UTF-8"?>
<!-- Generated by org.testng.reporters.JUnitReportReporter -->
<testsuite hostname="Rudran_Arjun" failures="0" tests="3" name="week3Day2HW.GroupAnagrams" time="0.017" errors="0" timestamp="2024-12-02T10:44:43 AEDT" skipped="0">
  <testcase classname="week3Day2HW.GroupAnagrams" name="Test1" time="0.012"/>
  <testcase classname="week3Day2HW.GroupAnagrams" name="test3" time="0.003"/>
  <testcase classname="week3Day2HW.GroupAnagrams" name="test2" time="0.002"/>
</testsuite> <!-- week3Day2HW.GroupAnagrams -->
