<?xml version="1.0" encoding="UTF-8"?>
<!-- Generated by org.testng.reporters.JUnitReportReporter -->
<testsuite hostname="Rudran_Arjun" failures="0" tests="5" name="week4SlidingWindow.PrintsubArrayOfSizeK" time="0.010" errors="0" timestamp="2024-12-14T20:38:13 AEDT" skipped="0">
  <testcase classname="week4SlidingWindow.PrintsubArrayOfSizeK" name="Test1" time="0.006"/>
  <testcase classname="week4SlidingWindow.PrintsubArrayOfSizeK" name="Test5" time="0.001"/>
  <testcase classname="week4SlidingWindow.PrintsubArrayOfSizeK" name="Test2" time="0.001"/>
  <testcase classname="week4SlidingWindow.PrintsubArrayOfSizeK" name="Test3" time="0.001"/>
  <testcase classname="week4SlidingWindow.PrintsubArrayOfSizeK" name="Test4" time="0.001"/>
</testsuite> <!-- week4SlidingWindow.PrintsubArrayOfSizeK -->
