<?xml version="1.0" encoding="UTF-8"?>
<!-- Generated by org.testng.reporters.JUnitReportReporter -->
<testsuite hostname="Rudran_Arjun" failures="0" tests="3" name="week6Day2.MinimumPlatforms" time="0.010" errors="0" timestamp="2024-12-15T21:20:44 AEDT" skipped="0">
  <testcase classname="week6Day2.MinimumPlatforms" name="Test2" time="0.002"/>
  <testcase classname="week6Day2.MinimumPlatforms" name="Test3" time="0.001"/>
  <testcase classname="week6Day2.MinimumPlatforms" name="Test1" time="0.007"/>
</testsuite> <!-- week6Day2.MinimumPlatforms -->
