<?xml version="1.0" encoding="UTF-8"?>
<!-- Generated by org.testng.reporters.JUnitReportReporter -->
<testsuite hostname="Rudran_Arjun" failures="0" tests="3" name="week4Day2.FindMinSizeSubArraySum" time="0.012" errors="0" timestamp="2024-12-02T20:21:42 AEDT" skipped="0">
  <testcase classname="week4Day2.FindMinSizeSubArraySum" name="Test3" time="0.001"/>
  <testcase classname="week4Day2.FindMinSizeSubArraySum" name="Test1" time="0.009"/>
  <testcase classname="week4Day2.FindMinSizeSubArraySum" name="Test2" time="0.002"/>
</testsuite> <!-- week4Day2.FindMinSizeSubArraySum -->
