<?xml version="1.0" encoding="UTF-8"?>
<!-- Generated by org.testng.reporters.JUnitReportReporter -->
<testsuite hostname="Rudran_Arjun" failures="0" tests="3" name="Week2Day1.L28_Find_Index_of_First_Occurrence_in_a_String" time="0.009" errors="0" timestamp="2024-11-19T11:56:31 AEDT" skipped="0">
  <testcase classname="Week2Day1.L28_Find_Index_of_First_Occurrence_in_a_String" name="Test1" time="0.007"/>
  <testcase classname="Week2Day1.L28_Find_Index_of_First_Occurrence_in_a_String" name="Test2" time="0.001"/>
  <testcase classname="Week2Day1.L28_Find_Index_of_First_Occurrence_in_a_String" name="Test3" time="0.001"/>
</testsuite> <!-- Week2Day1.L28_Find_Index_of_First_Occurrence_in_a_String -->
