<?xml version="1.0" encoding="UTF-8"?>
<!-- Generated by org.testng.reporters.JUnitReportReporter -->
<testsuite hostname="Rudran_Arjun" failures="0" tests="1" name="week6Day2.L2073TimeNeededtoBuyTickets" time="0.005" errors="0" timestamp="2024-12-17T06:26:35 AEDT" skipped="0">
  <testcase classname="week6Day2.L2073TimeNeededtoBuyTickets" name="Test3" time="0.005"/>
</testsuite> <!-- week6Day2.L2073TimeNeededtoBuyTickets -->
