<?xml version="1.0" encoding="UTF-8"?>
<!-- Generated by org.testng.reporters.JUnitReportReporter -->
<testsuite hostname="Rudran_Arjun" failures="0" tests="1" name="week5Day2HW.convert2Dto1D" time="0.006" errors="0" timestamp="2024-12-10T05:47:33 AEDT" skipped="0">
  <testcase classname="week5Day2HW.convert2Dto1D" name="Test1" time="0.006"/>
</testsuite> <!-- week5Day2HW.convert2Dto1D -->
