<?xml version="1.0" encoding="UTF-8"?>
<!-- Generated by org.testng.reporters.JUnitReportReporter -->
<testsuite hostname="Rudran_Arjun" failures="0" tests="3" name="week3Day2.L1207_UniqueNumOfOccurences" time="0.019" errors="0" timestamp="2024-11-24T22:16:43 AEDT" skipped="0">
  <testcase classname="week3Day2.L1207_UniqueNumOfOccurences" name="Test3" time="0.002"/>
  <testcase classname="week3Day2.L1207_UniqueNumOfOccurences" name="Test1" time="0.015"/>
  <testcase classname="week3Day2.L1207_UniqueNumOfOccurences" name="Test2" time="0.002"/>
</testsuite> <!-- week3Day2.L1207_UniqueNumOfOccurences -->
