<?xml version="1.0" encoding="UTF-8"?>
<!-- Generated by org.testng.reporters.JUnitReportReporter -->
<testsuite hostname="Rudran_Arjun" failures="0" tests="8" name="week2Day2HW.FindMaxSumRelatesToK" time="0.017" errors="0" timestamp="2024-11-22T18:17:26 AEDT" skipped="0">
  <testcase classname="week2Day2HW.FindMaxSumRelatesToK" name="Test6" time="0.001"/>
  <testcase classname="week2Day2HW.FindMaxSumRelatesToK" name="Test1" time="0.009"/>
  <testcase classname="week2Day2HW.FindMaxSumRelatesToK" name="Test2" time="0.001"/>
  <testcase classname="week2Day2HW.FindMaxSumRelatesToK" name="Test7" time="0.001"/>
  <testcase classname="week2Day2HW.FindMaxSumRelatesToK" name="Test3" time="0.002"/>
  <testcase classname="week2Day2HW.FindMaxSumRelatesToK" name="Test5" time="0.001"/>
  <testcase classname="week2Day2HW.FindMaxSumRelatesToK" name="Test8" time="0.001"/>
  <testcase classname="week2Day2HW.FindMaxSumRelatesToK" name="Test4" time="0.001"/>
</testsuite> <!-- week2Day2HW.FindMaxSumRelatesToK -->
