<?xml version="1.0" encoding="UTF-8"?>
<!-- Generated by org.testng.reporters.JUnitReportReporter -->
<testsuite hostname="Rudran_Arjun" failures="0" tests="1" name="week5Day2HW.L81_Search_in_Rotated_Sorted_Array_II" time="0.007" errors="0" timestamp="2024-12-12T18:33:52 AEDT" skipped="0">
  <testcase classname="week5Day2HW.L81_Search_in_Rotated_Sorted_Array_II" name="Test4" time="0.007"/>
</testsuite> <!-- week5Day2HW.L81_Search_in_Rotated_Sorted_Array_II -->
