<?xml version="1.0" encoding="UTF-8"?>
<!-- Generated by org.testng.reporters.JUnitReportReporter -->
<testsuite hostname="Rudran_Arjun" failures="0" tests="1" name="week3Day1.L75_Sort_colors" time="0.014" errors="0" timestamp="2024-11-23T23:36:52 AEDT" skipped="0">
  <testcase classname="week3Day1.L75_Sort_colors" name="Test8" time="0.014"/>
</testsuite> <!-- week3Day1.L75_Sort_colors -->
