<?xml version="1.0" encoding="UTF-8"?>
<!-- Generated by org.testng.reporters.JUnitReportReporter -->
<testsuite hostname="Rudran_Arjun" failures="0" tests="1" name="week4Day2HW.L930Binary_Subarrays_With_Sum" time="0.009" errors="0" timestamp="2024-12-06T07:38:47 AEDT" skipped="0">
  <testcase classname="week4Day2HW.L930Binary_Subarrays_With_Sum" name="Test2" time="0.009"/>
</testsuite> <!-- week4Day2HW.L930Binary_Subarrays_With_Sum -->
