<?xml version="1.0" encoding="UTF-8"?>
<!-- Generated by org.testng.reporters.JUnitReportReporter -->
<testsuite hostname="Rudran_Arjun" failures="0" tests="2" name="week5Day2HW.L977_Squaresof_a_SortedArray" time="0.015" errors="0" timestamp="2024-12-10T17:40:16 AEDT" skipped="0">
  <testcase classname="week5Day2HW.L977_Squaresof_a_SortedArray" name="Test1" time="0.014"/>
  <testcase classname="week5Day2HW.L977_Squaresof_a_SortedArray" name="Test2" time="0.001"/>
</testsuite> <!-- week5Day2HW.L977_Squaresof_a_SortedArray -->
