<?xml version="1.0" encoding="UTF-8"?>
<!-- Generated by org.testng.reporters.JUnitReportReporter -->
<testsuite hostname="Rudran_Arjun" failures="0" tests="4" name="week3Day2.findSubArraywith0Sum" time="0.016" errors="0" timestamp="2024-11-24T23:06:14 AEDT" skipped="0">
  <testcase classname="week3Day2.findSubArraywith0Sum" name="Test3" time="0.002"/>
  <testcase classname="week3Day2.findSubArraywith0Sum" name="Test4" time="0.002"/>
  <testcase classname="week3Day2.findSubArraywith0Sum" name="Test2" time="0.002"/>
  <testcase classname="week3Day2.findSubArraywith0Sum" name="Test1" time="0.010"/>
</testsuite> <!-- week3Day2.findSubArraywith0Sum -->
