<?xml version="1.0" encoding="UTF-8"?>
<!-- Generated by org.testng.reporters.JUnitReportReporter -->
<testsuite hostname="Rudran_Arjun" failures="0" tests="2" name="week3Day2HW.StringWithOccurrences" time="0.012" errors="0" timestamp="2024-11-30T06:58:37 AEDT" skipped="0">
  <testcase classname="week3Day2HW.StringWithOccurrences" name="Test2" time="0.002"/>
  <testcase classname="week3Day2HW.StringWithOccurrences" name="Test1" time="0.010"/>
</testsuite> <!-- week3Day2HW.StringWithOccurrences -->
