<?xml version="1.0" encoding="UTF-8"?>
<!-- Generated by org.testng.reporters.JUnitReportReporter -->
<testsuite hostname="Rudran_Arjun" failures="0" tests="2" name="week3Day2.LContainsDuplicate" time="0.017" errors="0" timestamp="2024-11-24T21:48:00 AEDT" skipped="0">
  <testcase classname="week3Day2.LContainsDuplicate" name="Test2" time="0.015"/>
  <testcase classname="week3Day2.LContainsDuplicate" name="Test3" time="0.002"/>
</testsuite> <!-- week3Day2.LContainsDuplicate -->
