<?xml version="1.0" encoding="UTF-8"?>
<!-- Generated by org.testng.reporters.JUnitReportReporter -->
<testsuite hostname="Rudran_Arjun" failures="0" tests="2" name="week5Day2HW.L69_Sqrtx" time="0.014" errors="0" timestamp="2024-12-10T18:10:14 AEDT" skipped="0">
  <testcase classname="week5Day2HW.L69_Sqrtx" name="Test1" time="0.012"/>
  <testcase classname="week5Day2HW.L69_Sqrtx" name="Test2" time="0.002"/>
</testsuite> <!-- week5Day2HW.L69_Sqrtx -->
