<?xml version="1.0" encoding="UTF-8"?>
<!-- Generated by org.testng.reporters.JUnitReportReporter -->
<testsuite hostname="Rudran_Arjun" failures="0" tests="2" name="week3Day2HW.L560_Subarray_Sum_Equals_K" time="0.011" errors="0" timestamp="2024-12-01T15:49:32 AEDT" skipped="0">
  <testcase classname="week3Day2HW.L560_Subarray_Sum_Equals_K" name="Test1" time="0.009"/>
  <testcase classname="week3Day2HW.L560_Subarray_Sum_Equals_K" name="Test2" time="0.002"/>
</testsuite> <!-- week3Day2HW.L560_Subarray_Sum_Equals_K -->
