<?xml version="1.0" encoding="UTF-8"?>
<!-- Generated by org.testng.reporters.JUnitReportReporter -->
<testsuite hostname="Rudran_Arjun" failures="0" tests="3" name="week4Day2HW.L1358_Number_of_Substrings_Containing_All_Three_Characters" time="0.009" errors="0" timestamp="2024-12-07T06:50:43 AEDT" skipped="0">
  <testcase classname="week4Day2HW.L1358_Number_of_Substrings_Containing_All_Three_Characters" name="Test1" time="0.007"/>
  <testcase classname="week4Day2HW.L1358_Number_of_Substrings_Containing_All_Three_Characters" name="Test2" time="0.001"/>
  <testcase classname="week4Day2HW.L1358_Number_of_Substrings_Containing_All_Three_Characters" name="Test3" time="0.001"/>
</testsuite> <!-- week4Day2HW.L1358_Number_of_Substrings_Containing_All_Three_Characters -->
