<?xml version="1.0" encoding="UTF-8"?>
<!-- Generated by org.testng.reporters.JUnitReportReporter -->
<testsuite hostname="Rudran_Arjun" failures="0" tests="1" name="week3DayHW.diagonalSum" time="0.010" errors="0" timestamp="2024-11-24T00:45:14 AEDT" skipped="0">
  <testcase classname="week3DayHW.diagonalSum" name="Test1" time="0.010"/>
</testsuite> <!-- week3DayHW.diagonalSum -->
