<?xml version="1.0" encoding="UTF-8"?>
<!-- Generated by org.testng.reporters.JUnitReportReporter -->
<testsuite hostname="Rudran_Arjun" failures="0" tests="3" name="Assessment1.MergeArraysInPlace" time="0.015" errors="0" timestamp="2024-12-01T17:19:58 AEDT" skipped="0">
  <testcase classname="Assessment1.MergeArraysInPlace" name="Test3" time="0.001"/>
  <testcase classname="Assessment1.MergeArraysInPlace" name="Test1" time="0.012"/>
  <testcase classname="Assessment1.MergeArraysInPlace" name="Test2" time="0.002"/>
</testsuite> <!-- Assessment1.MergeArraysInPlace -->
