<?xml version="1.0" encoding="UTF-8"?>
<!-- Generated by org.testng.reporters.JUnitReportReporter -->
<testsuite hostname="Rudran_Arjun" failures="0" tests="4" name="Week2Day1.L989_Add_to_Array_Form_of_Integer" time="0.007" errors="0" timestamp="2024-11-18T11:57:39 AEDT" skipped="0">
  <testcase classname="Week2Day1.L989_Add_to_Array_Form_of_Integer" name="Test3" time="0.000"/>
  <testcase classname="Week2Day1.L989_Add_to_Array_Form_of_Integer" name="Test1" time="0.007"/>
  <testcase classname="Week2Day1.L989_Add_to_Array_Form_of_Integer" name="Test4" time="0.000"/>
  <testcase classname="Week2Day1.L989_Add_to_Array_Form_of_Integer" name="Test2" time="0.000"/>
</testsuite> <!-- Week2Day1.L989_Add_to_Array_Form_of_Integer -->
