<?xml version="1.0" encoding="UTF-8"?>
<!-- Generated by org.testng.reporters.JUnitReportReporter -->
<testsuite hostname="Rudran_Arjun" failures="0" tests="2" name="week4Day2HW.L438_Find_All_Anagrams_in_a_String" time="0.011" errors="0" timestamp="2024-12-07T06:29:53 AEDT" skipped="0">
  <testcase classname="week4Day2HW.L438_Find_All_Anagrams_in_a_String" name="Test2" time="0.002"/>
  <testcase classname="week4Day2HW.L438_Find_All_Anagrams_in_a_String" name="Test1" time="0.009"/>
</testsuite> <!-- week4Day2HW.L438_Find_All_Anagrams_in_a_String -->
