<?xml version="1.0" encoding="UTF-8"?>
<!-- Generated by org.testng.reporters.JUnitReportReporter -->
<testsuite hostname="Rudran_Arjun" failures="0" tests="3" name="Week2Day1.distinctNumbers" time="0.018" errors="0" timestamp="2024-11-16T20:46:08 AEDT" skipped="0">
  <testcase classname="Week2Day1.distinctNumbers" name="Test2" time="0.002"/>
  <testcase classname="Week2Day1.distinctNumbers" name="Test3" time="0.002"/>
  <testcase classname="Week2Day1.distinctNumbers" name="Test1" time="0.014"/>
</testsuite> <!-- Week2Day1.distinctNumbers -->
