<?xml version="1.0" encoding="UTF-8"?>
<!-- Generated by org.testng.reporters.JUnitReportReporter -->
<testsuite hostname="Rudran_Arjun" failures="0" tests="1" name="week5Day2HW.L153_Find_Minimum_in_Rotated_Sorted_Array" time="0.006" errors="0" timestamp="2024-12-13T11:26:24 AEDT" skipped="0">
  <testcase classname="week5Day2HW.L153_Find_Minimum_in_Rotated_Sorted_Array" name="Test4" time="0.006"/>
</testsuite> <!-- week5Day2HW.L153_Find_Minimum_in_Rotated_Sorted_Array -->
