<?xml version="1.0" encoding="UTF-8"?>
<!-- Generated by org.testng.reporters.JUnitReportReporter -->
<testsuite hostname="Rudran_Arjun" failures="0" tests="2" name="week5Day2HW.L389_Find_the_Difference" time="0.008" errors="0" timestamp="2024-12-12T21:45:10 AEDT" skipped="0">
  <testcase classname="week5Day2HW.L389_Find_the_Difference" name="Test2" time="0.001"/>
  <testcase classname="week5Day2HW.L389_Find_the_Difference" name="Test1" time="0.007"/>
</testsuite> <!-- week5Day2HW.L389_Find_the_Difference -->
