<?xml version="1.0" encoding="UTF-8"?>
<!-- Generated by org.testng.reporters.JUnitReportReporter -->
<testsuite hostname="Rudran_Arjun" failures="0" tests="4" name="Assessment2.Problem3_findStartAndEndPostn" time="0.013" errors="0" timestamp="2024-12-22T17:42:27 AEDT" skipped="0">
  <testcase classname="Assessment2.Problem3_findStartAndEndPostn" name="Test1" time="0.011"/>
  <testcase classname="Assessment2.Problem3_findStartAndEndPostn" name="Test2" time="0.001"/>
  <testcase classname="Assessment2.Problem3_findStartAndEndPostn" name="Test3" time="0.000"/>
  <testcase classname="Assessment2.Problem3_findStartAndEndPostn" name="Test4" time="0.001"/>
</testsuite> <!-- Assessment2.Problem3_findStartAndEndPostn -->
