<?xml version="1.0" encoding="UTF-8"?>
<!-- Generated by org.testng.reporters.JUnitReportReporter -->
<testsuite hostname="Rudran_Arjun" failures="0" tests="2" name="week5Day2HW.Count_Sort" time="0.008" errors="0" timestamp="2024-12-14T20:07:09 AEDT" skipped="0">
  <testcase classname="week5Day2HW.Count_Sort" name="Test1" time="0.007"/>
  <testcase classname="week5Day2HW.Count_Sort" name="Test2" time="0.001"/>
</testsuite> <!-- week5Day2HW.Count_Sort -->
