<?xml version="1.0" encoding="UTF-8"?>
<!-- Generated by org.testng.reporters.JUnitReportReporter -->
<testsuite hostname="Rudran_Arjun" failures="0" tests="6" name="week2Day2HW.L532_K_diff_Pairs_in_an_Array" time="0.016" errors="0" timestamp="2024-11-23T18:50:56 AEDT" skipped="0">
  <testcase classname="week2Day2HW.L532_K_diff_Pairs_in_an_Array" name="Test4" time="0.001"/>
  <testcase classname="week2Day2HW.L532_K_diff_Pairs_in_an_Array" name="Test2" time="0.001"/>
  <testcase classname="week2Day2HW.L532_K_diff_Pairs_in_an_Array" name="Test1" time="0.010"/>
  <testcase classname="week2Day2HW.L532_K_diff_Pairs_in_an_Array" name="Test3" time="0.001"/>
  <testcase classname="week2Day2HW.L532_K_diff_Pairs_in_an_Array" name="Test6" time="0.002"/>
  <testcase classname="week2Day2HW.L532_K_diff_Pairs_in_an_Array" name="Test5" time="0.001"/>
</testsuite> <!-- week2Day2HW.L532_K_diff_Pairs_in_an_Array -->
