<?xml version="1.0" encoding="UTF-8"?>
<!-- Generated by org.testng.reporters.JUnitReportReporter -->
<testsuite hostname="Rudran_Arjun" failures="0" tests="2" name="week5Day1.L930_Binary_Subarrays_With_Sum_Using_Sliding_Window" time="0.009" errors="0" timestamp="2024-12-17T16:38:39 AEDT" skipped="0">
  <testcase classname="week5Day1.L930_Binary_Subarrays_With_Sum_Using_Sliding_Window" name="Test2" time="0.001"/>
  <testcase classname="week5Day1.L930_Binary_Subarrays_With_Sum_Using_Sliding_Window" name="Test1" time="0.008"/>
</testsuite> <!-- week5Day1.L930_Binary_Subarrays_With_Sum_Using_Sliding_Window -->
