<?xml version="1.0" encoding="UTF-8"?>
<!-- Generated by org.testng.reporters.JUnitReportReporter -->
<testsuite hostname="Rudran_Arjun" failures="0" tests="2" name="week2Day2.IntersectionOfTwoArrays" time="0.011" errors="0" timestamp="2024-12-01T10:33:30 AEDT" skipped="0">
  <testcase classname="week2Day2.IntersectionOfTwoArrays" name="Test2" time="0.001"/>
  <testcase classname="week2Day2.IntersectionOfTwoArrays" name="Test1" time="0.010"/>
</testsuite> <!-- week2Day2.IntersectionOfTwoArrays -->
