<?xml version="1.0" encoding="UTF-8"?>
<!-- Generated by org.testng.reporters.JUnitReportReporter -->
<testsuite hostname="Rudran_Arjun" failures="0" tests="1" name="week7Day1.minCostRopeLen" time="48.028" errors="0" timestamp="2024-12-22T05:51:35 AEDT" skipped="0">
  <testcase classname="week7Day1.minCostRopeLen" name="Test1" time="48.028"/>
</testsuite> <!-- week7Day1.minCostRopeLen -->
