<?xml version="1.0" encoding="UTF-8"?>
<!-- Generated by org.testng.reporters.JUnitReportReporter -->
<testsuite hostname="Rudran_Arjun" failures="0" tests="1" name="week6Day2HW.G_Reverse_First_K_elements_of_Queue" time="0.008" errors="0" timestamp="2024-12-17T19:55:00 AEDT" skipped="0">
  <testcase classname="week6Day2HW.G_Reverse_First_K_elements_of_Queue" name="Test1" time="0.008"/>
</testsuite> <!-- week6Day2HW.G_Reverse_First_K_elements_of_Queue -->
