<?xml version="1.0" encoding="UTF-8"?>
<!-- Generated by org.testng.reporters.JUnitReportReporter -->
<testsuite hostname="Rudran_Arjun" failures="0" tests="4" name="week5Day2HW.L2022_Convert_1D_Array_Into_2D_Array" time="0.013" errors="0" timestamp="2024-12-11T09:20:17 AEDT" skipped="0">
  <testcase classname="week5Day2HW.L2022_Convert_1D_Array_Into_2D_Array" name="Test4" time="0.001"/>
  <testcase classname="week5Day2HW.L2022_Convert_1D_Array_Into_2D_Array" name="Test2" time="0.002"/>
  <testcase classname="week5Day2HW.L2022_Convert_1D_Array_Into_2D_Array" name="Test3" time="0.002"/>
  <testcase classname="week5Day2HW.L2022_Convert_1D_Array_Into_2D_Array" name="Test1" time="0.008"/>
</testsuite> <!-- week5Day2HW.L2022_Convert_1D_Array_Into_2D_Array -->
