<?xml version="1.0" encoding="UTF-8"?>
<!-- Generated by org.testng.reporters.JUnitReportReporter -->
<testsuite hostname="Rudran_Arjun" failures="0" tests="2" name="Assessment1.SubArraySumDivisibleByK" time="0.012" errors="0" timestamp="2024-12-02T13:27:11 AEDT" skipped="0">
  <testcase classname="Assessment1.SubArraySumDivisibleByK" name="Test1" time="0.010"/>
  <testcase classname="Assessment1.SubArraySumDivisibleByK" name="Test2" time="0.002"/>
</testsuite> <!-- Assessment1.SubArraySumDivisibleByK -->
