<?xml version="1.0" encoding="UTF-8"?>
<!-- Generated by org.testng.reporters.JUnitReportReporter -->
<testsuite hostname="Rudran_Arjun" failures="0" tests="3" name="week6Day1.MeetingIntervals" time="0.008" errors="0" timestamp="2024-12-15T00:31:05 AEDT" skipped="0">
  <testcase classname="week6Day1.MeetingIntervals" name="Test3" time="0.001"/>
  <testcase classname="week6Day1.MeetingIntervals" name="Test2" time="0.001"/>
  <testcase classname="week6Day1.MeetingIntervals" name="Test1" time="0.006"/>
</testsuite> <!-- week6Day1.MeetingIntervals -->
