<?xml version="1.0" encoding="UTF-8"?>
<!-- Generated by org.testng.reporters.JUnitReportReporter -->
<testsuite hostname="Rudran_Arjun" failures="0" tests="1" name="week5Day2HW.L74_Search_a2DMatrix" time="0.007" errors="0" timestamp="2024-12-10T06:27:23 AEDT" skipped="0">
  <testcase classname="week5Day2HW.L74_Search_a2DMatrix" name="Test1" time="0.007"/>
</testsuite> <!-- week5Day2HW.L74_Search_a2DMatrix -->
