<?xml version="1.0" encoding="UTF-8"?>
<!-- Generated by org.testng.reporters.JUnitReportReporter -->
<testsuite hostname="Rudran_Arjun" failures="0" tests="3" name="Assessment2.Problem1_LongestSubstringwithoutDups" time="0.015" errors="0" timestamp="2024-12-22T17:27:49 AEDT" skipped="0">
  <testcase classname="Assessment2.Problem1_LongestSubstringwithoutDups" name="Test1" time="0.011"/>
  <testcase classname="Assessment2.Problem1_LongestSubstringwithoutDups" name="Test2" time="0.002"/>
  <testcase classname="Assessment2.Problem1_LongestSubstringwithoutDups" name="Test3" time="0.002"/>
</testsuite> <!-- Assessment2.Problem1_LongestSubstringwithoutDups -->
