<?xml version="1.0" encoding="UTF-8"?>
<!-- Generated by org.testng.reporters.JUnitReportReporter -->
<testsuite hostname="Rudran_Arjun" failures="0" tests="5" name="week4Day2HW.FindLongestSubstringMUniqueChars" time="0.013" errors="0" timestamp="2024-12-18T06:36:11 AEDT" skipped="0">
  <testcase classname="week4Day2HW.FindLongestSubstringMUniqueChars" name="Test2" time="0.002"/>
  <testcase classname="week4Day2HW.FindLongestSubstringMUniqueChars" name="Test4" time="0.001"/>
  <testcase classname="week4Day2HW.FindLongestSubstringMUniqueChars" name="Test5" time="0.001"/>
  <testcase classname="week4Day2HW.FindLongestSubstringMUniqueChars" name="Test3" time="0.001"/>
  <testcase classname="week4Day2HW.FindLongestSubstringMUniqueChars" name="Test1" time="0.008"/>
</testsuite> <!-- week4Day2HW.FindLongestSubstringMUniqueChars -->
