<?xml version="1.0" encoding="UTF-8"?>
<!-- Generated by org.testng.reporters.JUnitReportReporter -->
<testsuite hostname="Rudran_Arjun" failures="0" tests="2" name="week5Day1.Binary_Subarrays_With_Sum" time="0.012" errors="0" timestamp="2024-12-08T12:42:30 AEDT" skipped="0">
  <testcase classname="week5Day1.Binary_Subarrays_With_Sum" name="Test2" time="0.002"/>
  <testcase classname="week5Day1.Binary_Subarrays_With_Sum" name="Test1" time="0.010"/>
</testsuite> <!-- week5Day1.Binary_Subarrays_With_Sum -->
