<?xml version="1.0" encoding="UTF-8"?>
<!-- Generated by org.testng.reporters.JUnitReportReporter -->
<testsuite hostname="Rudran_Arjun" failures="0" tests="1" name="week5Day2HW.SelectionSort" time="0.010" errors="0" timestamp="2024-12-10T06:50:17 AEDT" skipped="0">
  <testcase classname="week5Day2HW.SelectionSort" name="Test" time="0.010"/>
</testsuite> <!-- week5Day2HW.SelectionSort -->
