<?xml version="1.0" encoding="UTF-8"?>
<!-- Generated by org.testng.reporters.JUnitReportReporter -->
<testsuite hostname="Rudran_Arjun" failures="0" tests="1" name="week2Day2HW.L268_Missing_Number" time="0.013" errors="0" timestamp="2024-11-21T12:05:52 AEDT" skipped="0">
  <testcase classname="week2Day2HW.L268_Missing_Number" name="Test1" time="0.013"/>
</testsuite> <!-- week2Day2HW.L268_Missing_Number -->
