<?xml version="1.0" encoding="UTF-8"?>
<!-- Generated by org.testng.reporters.JUnitReportReporter -->
<testsuite hostname="Rudran_Arjun" failures="0" tests="3" name="week4Day2HW.L1493_Longest_Subarray_of_1s_After_Deleting_One_Element" time="0.016" errors="0" timestamp="2024-12-06T11:18:09 AEDT" skipped="0">
  <testcase classname="week4Day2HW.L1493_Longest_Subarray_of_1s_After_Deleting_One_Element" name="Test3" time="0.002"/>
  <testcase classname="week4Day2HW.L1493_Longest_Subarray_of_1s_After_Deleting_One_Element" name="Test1" time="0.012"/>
  <testcase classname="week4Day2HW.L1493_Longest_Subarray_of_1s_After_Deleting_One_Element" name="Test2" time="0.002"/>
</testsuite> <!-- week4Day2HW.L1493_Longest_Subarray_of_1s_After_Deleting_One_Element -->
