<?xml version="1.0" encoding="UTF-8"?>
<!-- Generated by org.testng.reporters.JUnitReportReporter -->
<testsuite hostname="Rudran_Arjun" failures="0" tests="4" name="Week2Day1.TwoSum" time="0.012" errors="0" timestamp="2024-11-16T23:09:24 AEDT" skipped="0">
  <testcase classname="Week2Day1.TwoSum" name="Test3" time="0.001"/>
  <testcase classname="Week2Day1.TwoSum" name="Test4" time="0.001"/>
  <testcase classname="Week2Day1.TwoSum" name="Test2" time="0.001"/>
  <testcase classname="Week2Day1.TwoSum" name="Test1" time="0.009"/>
</testsuite> <!-- Week2Day1.TwoSum -->
