<?xml version="1.0" encoding="UTF-8"?>
<!-- Generated by org.testng.reporters.JUnitReportReporter -->
<testsuite hostname="Rudran_Arjun" failures="0" tests="4" name="week5Day1.BinarySearch" time="0.014" errors="0" timestamp="2024-12-08T12:53:47 AEDT" skipped="0">
  <testcase classname="week5Day1.BinarySearch" name="Test3" time="0.001"/>
  <testcase classname="week5Day1.BinarySearch" name="Test4" time="0.001"/>
  <testcase classname="week5Day1.BinarySearch" name="Test2" time="0.002"/>
  <testcase classname="week5Day1.BinarySearch" name="Test1" time="0.010"/>
</testsuite> <!-- week5Day1.BinarySearch -->
