<?xml version="1.0" encoding="UTF-8"?>
<!-- Generated by org.testng.reporters.JUnitReportReporter -->
<testsuite hostname="Rudran_Arjun" failures="0" tests="3" name="week2Day1HW.L27_Remove_Element" time="0.011" errors="0" timestamp="2024-12-01T13:29:03 AEDT" skipped="0">
  <testcase classname="week2Day1HW.L27_Remove_Element" name="Test3" time="0.001"/>
  <testcase classname="week2Day1HW.L27_Remove_Element" name="Test1" time="0.008"/>
  <testcase classname="week2Day1HW.L27_Remove_Element" name="Test2" time="0.002"/>
</testsuite> <!-- week2Day1HW.L27_Remove_Element -->
