<?xml version="1.0" encoding="UTF-8"?>
<!-- Generated by org.testng.reporters.JUnitReportReporter -->
<testsuite hostname="Rudran_Arjun" failures="0" tests="3" name="week4Day2HW.L1763_Longest_Nice_Substring" time="0.011" errors="0" timestamp="2024-12-07T07:02:22 AEDT" skipped="0">
  <testcase classname="week4Day2HW.L1763_Longest_Nice_Substring" name="Test1" time="0.008"/>
  <testcase classname="week4Day2HW.L1763_Longest_Nice_Substring" name="Test2" time="0.002"/>
  <testcase classname="week4Day2HW.L1763_Longest_Nice_Substring" name="Test3" time="0.001"/>
</testsuite> <!-- week4Day2HW.L1763_Longest_Nice_Substring -->
