<?xml version="1.0" encoding="UTF-8"?>
<!-- Generated by org.testng.reporters.JUnitReportReporter -->
<testsuite hostname="Rudran_Arjun" failures="0" tests="1" name="Assessment1.Diagonals_sum" time="0.015" errors="0" timestamp="2024-12-01T16:55:22 AEDT" skipped="0">
  <testcase classname="Assessment1.Diagonals_sum" name="Test1" time="0.015"/>
</testsuite> <!-- Assessment1.Diagonals_sum -->
