<?xml version="1.0" encoding="UTF-8"?>
<!-- Generated by org.testng.reporters.JUnitReportReporter -->
<testsuite hostname="Rudran_Arjun" failures="0" tests="1" name="week3Day2HW.temp" time="87.746" errors="0" timestamp="2024-12-01T00:28:10 AEDT" skipped="0">
  <testcase classname="week3Day2HW.temp" name="test1" time="87.746"/>
</testsuite> <!-- week3Day2HW.temp -->
