<?xml version="1.0" encoding="UTF-8"?>
<!-- Generated by org.testng.reporters.JUnitReportReporter -->
<testsuite hostname="Rudran_Arjun" failures="0" tests="4" name="week2Day2HW.L80_Remove_Duplicates_from_Sorted_Array_II" time="0.017" errors="0" timestamp="2024-11-21T11:56:59 AEDT" skipped="0">
  <testcase classname="week2Day2HW.L80_Remove_Duplicates_from_Sorted_Array_II" name="Test2" time="0.002"/>
  <testcase classname="week2Day2HW.L80_Remove_Duplicates_from_Sorted_Array_II" name="Test4" time="0.001"/>
  <testcase classname="week2Day2HW.L80_Remove_Duplicates_from_Sorted_Array_II" name="Test3" time="0.001"/>
  <testcase classname="week2Day2HW.L80_Remove_Duplicates_from_Sorted_Array_II" name="Test1" time="0.013"/>
</testsuite> <!-- week2Day2HW.L80_Remove_Duplicates_from_Sorted_Array_II -->
