<?xml version="1.0" encoding="UTF-8"?>
<!-- Generated by org.testng.reporters.JUnitReportReporter -->
<testsuite hostname="Rudran_Arjun" failures="0" tests="3" name="week5Day1.L35_Search_Insert_Position" time="0.016" errors="0" timestamp="2024-12-08T15:05:40 AEDT" skipped="0">
  <testcase classname="week5Day1.L35_Search_Insert_Position" name="Test3" time="0.000"/>
  <testcase classname="week5Day1.L35_Search_Insert_Position" name="Test1" time="0.016"/>
  <testcase classname="week5Day1.L35_Search_Insert_Position" name="Test2" time="0.000"/>
</testsuite> <!-- week5Day1.L35_Search_Insert_Position -->
