<?xml version="1.0" encoding="UTF-8"?>
<!-- Generated by org.testng.reporters.JUnitReportReporter -->
<testsuite hostname="Rudran_Arjun" failures="0" tests="1" name="week4Day2HW.LongestSubStringWithoutDupsASCII" time="0.010" errors="0" timestamp="2024-12-03T12:26:20 AEDT" skipped="0">
  <testcase classname="week4Day2HW.LongestSubStringWithoutDupsASCII" name="Test1" time="0.010"/>
</testsuite> <!-- week4Day2HW.LongestSubStringWithoutDupsASCII -->
