<?xml version="1.0" encoding="UTF-8"?>
<!-- Generated by org.testng.reporters.JUnitReportReporter -->
<testsuite hostname="Rudran_Arjun" failures="0" tests="4" name="week3Day2HW.L1832_Check_if_the_Sentence_Is_Pangram" time="0.018" errors="0" timestamp="2024-11-26T05:07:38 AEDT" skipped="0">
  <testcase classname="week3Day2HW.L1832_Check_if_the_Sentence_Is_Pangram" name="Test2" time="0.003"/>
  <testcase classname="week3Day2HW.L1832_Check_if_the_Sentence_Is_Pangram" name="Test4" time="0.001"/>
  <testcase classname="week3Day2HW.L1832_Check_if_the_Sentence_Is_Pangram" name="Test3" time="0.001"/>
  <testcase classname="week3Day2HW.L1832_Check_if_the_Sentence_Is_Pangram" name="Test1" time="0.013"/>
</testsuite> <!-- week3Day2HW.L1832_Check_if_the_Sentence_Is_Pangram -->
