<?xml version="1.0" encoding="UTF-8"?>
<!-- Generated by org.testng.reporters.JUnitReportReporter -->
<testsuite hostname="Rudran_Arjun" failures="0" tests="7" name="week3Day2HW.CheckAnagram" time="0.018" errors="0" timestamp="2024-11-26T19:26:20 AEDT" skipped="0">
  <testcase classname="week3Day2HW.CheckAnagram" name="Test1" time="0.009"/>
  <testcase classname="week3Day2HW.CheckAnagram" name="Test5" time="0.002"/>
  <testcase classname="week3Day2HW.CheckAnagram" name="Test2" time="0.002"/>
  <testcase classname="week3Day2HW.CheckAnagram" name="Test3" time="0.001"/>
  <testcase classname="week3Day2HW.CheckAnagram" name="Test4" time="0.001"/>
  <testcase classname="week3Day2HW.CheckAnagram" name="Test6" time="0.001"/>
  <testcase classname="week3Day2HW.CheckAnagram" name="Test7" time="0.002"/>
</testsuite> <!-- week3Day2HW.CheckAnagram -->
