<?xml version="1.0" encoding="UTF-8"?>
<!-- Generated by org.testng.reporters.JUnitReportReporter -->
<testsuite hostname="Rudran_Arjun" failures="0" tests="1" name="week5Day1HW.L992_Subarrays_with_K_Different_Integers" time="0.007" errors="0" timestamp="2024-12-08T20:22:24 AEDT" skipped="0">
  <testcase classname="week5Day1HW.L992_Subarrays_with_K_Different_Integers" name="Test3" time="0.007"/>
</testsuite> <!-- week5Day1HW.L992_Subarrays_with_K_Different_Integers -->
