<?xml version="1.0" encoding="UTF-8"?>
<!-- Generated by org.testng.reporters.JUnitReportReporter -->
<testsuite hostname="Rudran_Arjun" failures="0" tests="1" name="week2Day2HW.L821_ShortestDistancetoaCharacter" time="0.009" errors="0" timestamp="2024-11-24T00:56:19 AEDT" skipped="0">
  <testcase classname="week2Day2HW.L821_ShortestDistancetoaCharacter" name="Test4" time="0.009"/>
</testsuite> <!-- week2Day2HW.L821_ShortestDistancetoaCharacter -->
