<?xml version="1.0" encoding="UTF-8"?>
<!-- Generated by org.testng.reporters.JUnitReportReporter -->
<testsuite hostname="Rudran_Arjun" failures="0" tests="2" name="week6Day1.L56_MergeIntervals" time="0.008" errors="0" timestamp="2024-12-15T00:24:46 AEDT" skipped="0">
  <testcase classname="week6Day1.L56_MergeIntervals" name="Test2" time="0.001"/>
  <testcase classname="week6Day1.L56_MergeIntervals" name="Test1" time="0.007"/>
</testsuite> <!-- week6Day1.L56_MergeIntervals -->
