<?xml version="1.0" encoding="UTF-8"?>
<!-- Generated by org.testng.reporters.JUnitReportReporter -->
<testsuite hostname="Rudran_Arjun" failures="0" tests="5" name="week3Day2HW.FindLargestSubArraywith0Sum_MAXLength" time="0.014" errors="0" timestamp="2024-11-26T12:29:54 AEDT" skipped="0">
  <testcase classname="week3Day2HW.FindLargestSubArraywith0Sum_MAXLength" name="Test3" time="0.001"/>
  <testcase classname="week3Day2HW.FindLargestSubArraywith0Sum_MAXLength" name="Test4" time="0.001"/>
  <testcase classname="week3Day2HW.FindLargestSubArraywith0Sum_MAXLength" name="Test2" time="0.001"/>
  <testcase classname="week3Day2HW.FindLargestSubArraywith0Sum_MAXLength" name="Test5" time="0.001"/>
  <testcase classname="week3Day2HW.FindLargestSubArraywith0Sum_MAXLength" name="Test1" time="0.010"/>
</testsuite> <!-- week3Day2HW.FindLargestSubArraywith0Sum_MAXLength -->
