<?xml version="1.0" encoding="UTF-8"?>
<!-- Generated by org.testng.reporters.JUnitReportReporter -->
<testsuite hostname="Rudran_Arjun" failures="0" tests="2" name="week6Day2HW.G_N_meetings_in_one_room" time="0.009" errors="0" timestamp="2024-12-19T12:29:56 AEDT" skipped="0">
  <testcase classname="week6Day2HW.G_N_meetings_in_one_room" name="Test1" time="0.008"/>
  <testcase classname="week6Day2HW.G_N_meetings_in_one_room" name="Test2" time="0.001"/>
</testsuite> <!-- week6Day2HW.G_N_meetings_in_one_room -->
