<?xml version="1.0" encoding="UTF-8"?>
<!-- Generated by org.testng.reporters.JUnitReportReporter -->
<testsuite hostname="Rudran_Arjun" failures="0" tests="2" name="week2Day1HW.L557_Reverse_Words_in_a_String" time="0.010" errors="0" timestamp="2024-12-01T07:37:34 AEDT" skipped="0">
  <testcase classname="week2Day1HW.L557_Reverse_Words_in_a_String" name="Test1" time="0.008"/>
  <testcase classname="week2Day1HW.L557_Reverse_Words_in_a_String" name="Test2" time="0.002"/>
</testsuite> <!-- week2Day1HW.L557_Reverse_Words_in_a_String -->
