<?xml version="1.0" encoding="UTF-8"?>
<!-- Generated by org.testng.reporters.JUnitReportReporter -->
<testsuite hostname="Rudran_Arjun" failures="0" tests="2" name="week6Day2.FindSecondMAX" time="0.008" errors="0" timestamp="2024-12-17T09:47:40 AEDT" skipped="0">
  <testcase classname="week6Day2.FindSecondMAX" name="Test1" time="0.006"/>
  <testcase classname="week6Day2.FindSecondMAX" name="Test2" time="0.002"/>
</testsuite> <!-- week6Day2.FindSecondMAX -->
