<?xml version="1.0" encoding="UTF-8"?>
<!-- Generated by org.testng.reporters.JUnitReportReporter -->
<testsuite hostname="Rudran_Arjun" failures="0" tests="1" name="week6Day1.MergeSort_New" time="0.006" errors="0" timestamp="2024-12-14T21:57:02 AEDT" skipped="0">
  <testcase classname="week6Day1.MergeSort_New" name="Test1" time="0.006"/>
</testsuite> <!-- week6Day1.MergeSort_New -->
