<?xml version="1.0" encoding="UTF-8"?>
<!-- Generated by org.testng.reporters.JUnitReportReporter -->
<testsuite hostname="Rudran_Arjun" failures="0" tests="4" name="week4Day2HW.FindLongestSubstringMUniqueChars" time="0.012" errors="0" timestamp="2024-12-05T18:20:07 AEDT" skipped="0">
  <testcase classname="week4Day2HW.FindLongestSubstringMUniqueChars" name="Test4" time="0.002"/>
  <testcase classname="week4Day2HW.FindLongestSubstringMUniqueChars" name="Test1" time="0.008"/>
  <testcase classname="week4Day2HW.FindLongestSubstringMUniqueChars" name="Test2" time="0.001"/>
  <testcase classname="week4Day2HW.FindLongestSubstringMUniqueChars" name="Test3" time="0.001"/>
</testsuite> <!-- week4Day2HW.FindLongestSubstringMUniqueChars -->
