<?xml version="1.0" encoding="UTF-8"?>
<!-- Generated by org.testng.reporters.JUnitReportReporter -->
<testsuite hostname="Rudran_Arjun" failures="0" tests="8" name="week4Day2HW.L904_Fruit_Into_Baskets" time="0.019" errors="0" timestamp="2024-12-06T17:08:47 AEDT" skipped="0">
  <testcase classname="week4Day2HW.L904_Fruit_Into_Baskets" name="Test7" time="0.001"/>
  <testcase classname="week4Day2HW.L904_Fruit_Into_Baskets" name="Test2" time="0.002"/>
  <testcase classname="week4Day2HW.L904_Fruit_Into_Baskets" name="Test1" time="0.010"/>
  <testcase classname="week4Day2HW.L904_Fruit_Into_Baskets" name="Test6" time="0.001"/>
  <testcase classname="week4Day2HW.L904_Fruit_Into_Baskets" name="Test3" time="0.001"/>
  <testcase classname="week4Day2HW.L904_Fruit_Into_Baskets" name="Test22" time="0.002"/>
  <testcase classname="week4Day2HW.L904_Fruit_Into_Baskets" name="Test4" time="0.001"/>
  <testcase classname="week4Day2HW.L904_Fruit_Into_Baskets" name="Test5" time="0.001"/>
</testsuite> <!-- week4Day2HW.L904_Fruit_Into_Baskets -->
