<?xml version="1.0" encoding="UTF-8"?>
<!-- Generated by org.testng.reporters.JUnitReportReporter -->
<testsuite hostname="Rudran_Arjun" failures="0" tests="3" name="week6Day2.L1700_NumberofStudentsUnabletoEatLunch" time="0.019" errors="0" timestamp="2024-12-16T20:40:46 AEDT" skipped="0">
  <testcase classname="week6Day2.L1700_NumberofStudentsUnabletoEatLunch" name="Test1" time="0.017"/>
  <testcase classname="week6Day2.L1700_NumberofStudentsUnabletoEatLunch" name="Test2" time="0.001"/>
  <testcase classname="week6Day2.L1700_NumberofStudentsUnabletoEatLunch" name="Test3" time="0.001"/>
</testsuite> <!-- week6Day2.L1700_NumberofStudentsUnabletoEatLunch -->
