<?xml version="1.0" encoding="UTF-8"?>
<!-- Generated by org.testng.reporters.JUnitReportReporter -->
<testsuite hostname="Rudran_Arjun" failures="0" tests="1" name="Week2Day1.L15_3Sum" time="0.015" errors="0" timestamp="2024-11-20T04:04:36 AEDT" skipped="0">
  <testcase classname="Week2Day1.L15_3Sum" name="Test" time="0.015"/>
</testsuite> <!-- Week2Day1.L15_3Sum -->
