<?xml version="1.0" encoding="UTF-8"?>
<!-- Generated by org.testng.reporters.JUnitReportReporter -->
<testsuite hostname="Rudran_Arjun" failures="0" tests="1" name="week3Day1.TrappingWaterwithTwoPointers" time="0.013" errors="0" timestamp="2024-11-24T19:36:19 AEDT" skipped="0">
  <testcase classname="week3Day1.TrappingWaterwithTwoPointers" name="Test8" time="0.013"/>
</testsuite> <!-- week3Day1.TrappingWaterwithTwoPointers -->
