<?xml version="1.0" encoding="UTF-8"?>
<!-- Generated by org.testng.reporters.JUnitReportReporter -->
<testsuite hostname="Rudran_Arjun" failures="0" tests="3" name="week5Day1.L33_Search_in_Rotated_Sorted_Array" time="0.008" errors="0" timestamp="2024-12-12T18:05:19 AEDT" skipped="0">
  <testcase classname="week5Day1.L33_Search_in_Rotated_Sorted_Array" name="testTwo" time="0.001"/>
  <testcase classname="week5Day1.L33_Search_in_Rotated_Sorted_Array" name="testOne" time="0.006"/>
  <testcase classname="week5Day1.L33_Search_in_Rotated_Sorted_Array" name="testThree" time="0.001"/>
</testsuite> <!-- week5Day1.L33_Search_in_Rotated_Sorted_Array -->
