<?xml version="1.0" encoding="UTF-8"?>
<!-- Generated by org.testng.reporters.JUnitReportReporter -->
<testsuite hostname="Rudran_Arjun" failures="0" tests="2" name="week3Day2HW.FindUncommonCharacters" time="0.010" errors="0" timestamp="2024-11-26T19:12:04 AEDT" skipped="0">
  <testcase classname="week3Day2HW.FindUncommonCharacters" name="Test2" time="0.002"/>
  <testcase classname="week3Day2HW.FindUncommonCharacters" name="Test1" time="0.008"/>
</testsuite> <!-- week3Day2HW.FindUncommonCharacters -->
