<?xml version="1.0" encoding="UTF-8"?>
<!-- Generated by org.testng.reporters.JUnitReportReporter -->
<testsuite hostname="Rudran_Arjun" failures="0" tests="3" name="week2Day2HW.L28_Find_Index_of_First_Occurrence_in_a_String" time="0.010" errors="0" timestamp="2024-12-01T12:40:08 AEDT" skipped="0">
  <testcase classname="week2Day2HW.L28_Find_Index_of_First_Occurrence_in_a_String" name="Test1" time="0.007"/>
  <testcase classname="week2Day2HW.L28_Find_Index_of_First_Occurrence_in_a_String" name="Test2" time="0.002"/>
  <testcase classname="week2Day2HW.L28_Find_Index_of_First_Occurrence_in_a_String" name="Test3" time="0.001"/>
</testsuite> <!-- week2Day2HW.L28_Find_Index_of_First_Occurrence_in_a_String -->
