<?xml version="1.0" encoding="UTF-8"?>
<!-- Generated by org.testng.reporters.JUnitReportReporter -->
<testsuite hostname="Rudran_Arjun" failures="0" tests="1" name="week5Day2.test" time="0.011" errors="0" timestamp="2024-12-08T21:59:56 AEDT" skipped="0">
  <testcase classname="week5Day2.test" name="testOne" time="0.011"/>
</testsuite> <!-- week5Day2.test -->
