<?xml version="1.0" encoding="UTF-8"?>
<!-- Generated by org.testng.reporters.JUnitReportReporter -->
<testsuite hostname="Rudran_Arjun" failures="0" tests="4" name="Week2Day1.L26_Remove_Duplicates_from_Sorted_Array" time="0.010" errors="0" timestamp="2024-11-18T21:59:29 AEDT" skipped="0">
  <testcase classname="Week2Day1.L26_Remove_Duplicates_from_Sorted_Array" name="Test2" time="0.001"/>
  <testcase classname="Week2Day1.L26_Remove_Duplicates_from_Sorted_Array" name="Test4" time="0.001"/>
  <testcase classname="Week2Day1.L26_Remove_Duplicates_from_Sorted_Array" name="Test3" time="0.000"/>
  <testcase classname="Week2Day1.L26_Remove_Duplicates_from_Sorted_Array" name="Test1" time="0.008"/>
</testsuite> <!-- Week2Day1.L26_Remove_Duplicates_from_Sorted_Array -->
