<?xml version="1.0" encoding="UTF-8"?>
<!-- Generated by org.testng.reporters.JUnitReportReporter -->
<testsuite hostname="Rudran_Arjun" failures="0" tests="4" name="week5Day2HW.L34_Find_First_Last_PositionofElementinSortedArray" time="0.011" errors="0" timestamp="2024-12-10T05:35:57 AEDT" skipped="0">
  <testcase classname="week5Day2HW.L34_Find_First_Last_PositionofElementinSortedArray" name="Test2" time="0.001"/>
  <testcase classname="week5Day2HW.L34_Find_First_Last_PositionofElementinSortedArray" name="Test4" time="0.001"/>
  <testcase classname="week5Day2HW.L34_Find_First_Last_PositionofElementinSortedArray" name="Test3" time="0.001"/>
  <testcase classname="week5Day2HW.L34_Find_First_Last_PositionofElementinSortedArray" name="Test1" time="0.008"/>
</testsuite> <!-- week5Day2HW.L34_Find_First_Last_PositionofElementinSortedArray -->
