<?xml version="1.0" encoding="UTF-8"?>
<!-- Generated by org.testng.reporters.JUnitReportReporter -->
<testsuite hostname="Rudran_Arjun" failures="0" tests="4" name="week5Day2HW.L34_Find_First_Last_PositionofElementinSortedArray" time="0.019" errors="0" timestamp="2024-12-22T16:47:14 AEDT" skipped="0">
  <testcase classname="week5Day2HW.L34_Find_First_Last_PositionofElementinSortedArray" name="Test3" time="0.002"/>
  <testcase classname="week5Day2HW.L34_Find_First_Last_PositionofElementinSortedArray" name="Test1" time="0.011"/>
  <testcase classname="week5Day2HW.L34_Find_First_Last_PositionofElementinSortedArray" name="Test4" time="0.003"/>
  <testcase classname="week5Day2HW.L34_Find_First_Last_PositionofElementinSortedArray" name="Test2" time="0.003"/>
</testsuite> <!-- week5Day2HW.L34_Find_First_Last_PositionofElementinSortedArray -->
