<?xml version="1.0" encoding="UTF-8"?>
<!-- Generated by org.testng.reporters.JUnitReportReporter -->
<testsuite hostname="Rudran_Arjun" failures="0" tests="1" name="week3Day1.TwoDimensionalArraysumToExplain2D" time="0.016" errors="0" timestamp="2024-11-24T00:21:23 AEDT" skipped="0">
  <testcase classname="week3Day1.TwoDimensionalArraysumToExplain2D" name="Test1" time="0.016"/>
</testsuite> <!-- week3Day1.TwoDimensionalArraysumToExplain2D -->
