<?xml version="1.0" encoding="UTF-8"?>
<!-- Generated by org.testng.reporters.JUnitReportReporter -->
<testsuite hostname="Rudran_Arjun" failures="0" tests="3" name="Assessment1.GroupAnagram" time="0.014" errors="0" timestamp="2024-12-02T12:44:03 AEDT" skipped="0">
  <testcase classname="Assessment1.GroupAnagram" name="test2" time="0.001"/>
  <testcase classname="Assessment1.GroupAnagram" name="test3" time="0.002"/>
  <testcase classname="Assessment1.GroupAnagram" name="test1" time="0.011"/>
</testsuite> <!-- Assessment1.GroupAnagram -->
