<?xml version="1.0" encoding="UTF-8"?>
<!-- Generated by org.testng.reporters.JUnitReportReporter -->
<testsuite hostname="Rudran_Arjun" failures="0" tests="2" name="week3Day2HW.G_AlternatePositiveAndNegative" time="0.010" errors="0" timestamp="2024-11-30T06:56:43 AEDT" skipped="0">
  <testcase classname="week3Day2HW.G_AlternatePositiveAndNegative" name="Test1" time="0.009"/>
  <testcase classname="week3Day2HW.G_AlternatePositiveAndNegative" name="Test2" time="0.001"/>
</testsuite> <!-- week3Day2HW.G_AlternatePositiveAndNegative -->
