<?xml version="1.0" encoding="UTF-8"?>
<!-- Generated by org.testng.reporters.JUnitReportReporter -->
<testsuite hostname="Rudran_Arjun" failures="0" tests="5" name="week3Day2HW.L724PivotIndex" time="0.013" errors="0" timestamp="2024-11-26T04:41:26 AEDT" skipped="0">
  <testcase classname="week3Day2HW.L724PivotIndex" name="Test1" time="0.009"/>
  <testcase classname="week3Day2HW.L724PivotIndex" name="Test5" time="0.000"/>
  <testcase classname="week3Day2HW.L724PivotIndex" name="Test2" time="0.002"/>
  <testcase classname="week3Day2HW.L724PivotIndex" name="Test3" time="0.001"/>
  <testcase classname="week3Day2HW.L724PivotIndex" name="Test4" time="0.001"/>
</testsuite> <!-- week3Day2HW.L724PivotIndex -->
